2024-10-16 20:45:23,450 [INFO] Activator:176 - 


2024-10-16 20:45:23,454 [INFO] Activator:177 - !SESSION log4j initialized
2024-10-16 20:45:30,923 [INFO] LogOutputStream:77 - [STDOUT_REDIRECT] 
2024-10-16 20:45:33,978 [INFO] ApplicationProperties:184 - Using Application install path: C:\ST\STM32CubeIDE_1.16.1\STM32CubeIDE\plugins\com.st.stm32cube.common.mx_6.12.1.202409122256
2024-10-16 20:45:33,996 [INFO] DbMcusXml:78 - Set database path to: C:\ST\STM32CubeIDE_1.16.1\STM32CubeIDE\plugins\com.st.stm32cube.common.mx_6.12.1.202409122256\\db\/mcu/
2024-10-16 20:45:33,997 [INFO] ApiDb:274 - Set plugin database path to: C:\ST\STM32CubeIDE_1.16.1\STM32CubeIDE\plugins\com.st.stm32cube.common.mx_6.12.1.202409122256\\db\/plugins/boardmanager/
2024-10-16 20:45:34,001 [WARN] ApiDb:259 - Overriding images path with different value:  => C:\ST\STM32CubeIDE_1.16.1\STM32CubeIDE\plugins\com.st.stm32cube.common.mx_6.12.1.202409122256\\db\/plugins/mcufinder/images/
2024-10-16 20:45:34,010 [INFO] ApiDb:250 - Set database path to: C:\Users\Fabian\.stmcufinder\plugins\mcufinder//mcu/
2024-10-16 20:45:34,012 [INFO] DbMcusAds:125 - Set database path to: C:\Users\Fabian\.stmcufinder\plugins\mcufinder//mcu/
2024-10-16 20:45:34,015 [INFO] CrossReferenceDbSqlite:203 - Set database path to: C:\Users\Fabian\.stmcufinder\plugins\mcufinder//mcu/cs/
2024-10-16 20:45:34,128 [INFO] RulesReader:64 - Compatibility file has been processed (297 Rules)
2024-10-16 20:45:34,227 [INFO] DbMcusXml:78 - Set database path to: C:\ST\STM32CubeIDE_1.16.1\STM32CubeIDE\plugins\com.st.stm32cube.common.mx_6.12.1.202409122256\\db\/mcu/
2024-10-16 20:45:34,227 [INFO] ApiDb:274 - Set plugin database path to: C:\ST\STM32CubeIDE_1.16.1\STM32CubeIDE\plugins\com.st.stm32cube.common.mx_6.12.1.202409122256\\db\/plugins/boardmanager/
2024-10-16 20:45:34,227 [INFO] ApiDb:261 - Set plugin images path to: C:\ST\STM32CubeIDE_1.16.1\STM32CubeIDE\plugins\com.st.stm32cube.common.mx_6.12.1.202409122256\\db\/plugins/mcufinder/images/
2024-10-16 20:45:34,227 [WARN] DbFile:41 - Overriding database path with different value: C:\Users\Fabian\.stmcufinder\plugins\mcufinder/ => C:\Users\Fabian\.stmcufinder\plugins\mcufinder
2024-10-16 20:45:34,227 [INFO] ApiDb:250 - Set database path to: C:\Users\Fabian\.stmcufinder\plugins\mcufinder//mcu/
2024-10-16 20:45:34,227 [WARN] DbFile:41 - Overriding database path with different value: C:\Users\Fabian\.stmcufinder\plugins\mcufinder/ => C:\Users\Fabian\.stmcufinder\plugins\mcufinder
2024-10-16 20:45:34,228 [INFO] DbMcusAds:125 - Set database path to: C:\Users\Fabian\.stmcufinder\plugins\mcufinder//mcu/
2024-10-16 20:45:34,228 [WARN] DbFile:41 - Overriding database path with different value: C:\Users\Fabian\.stmcufinder\plugins\mcufinder/ => C:\Users\Fabian\.stmcufinder\plugins\mcufinder
2024-10-16 20:45:34,228 [WARN] DbFile:41 - Overriding database path with different value: C:\Users\Fabian\.stmcufinder\plugins\mcufinder/ => C:\Users\Fabian\.stmcufinder\plugins\mcufinder
2024-10-16 20:45:34,228 [INFO] CrossReferenceDbSqlite:203 - Set database path to: C:\Users\Fabian\.stmcufinder\plugins\mcufinder//mcu/cs/
2024-10-16 20:45:34,332 [INFO] MainPanel:268 - HeapMemory: 268435456
2024-10-16 20:45:34,447 [INFO] DbMcusXml:78 - Set database path to: C:\ST\STM32CubeIDE_1.16.1\STM32CubeIDE\plugins\com.st.stm32cube.common.mx_6.12.1.202409122256\\db\/mcu/
2024-10-16 20:45:34,448 [INFO] ApiDb:274 - Set plugin database path to: C:\ST\STM32CubeIDE_1.16.1\STM32CubeIDE\plugins\com.st.stm32cube.common.mx_6.12.1.202409122256\\db\/plugins/boardmanager/
2024-10-16 20:45:34,448 [INFO] ApiDb:261 - Set plugin images path to: C:\ST\STM32CubeIDE_1.16.1\STM32CubeIDE\plugins\com.st.stm32cube.common.mx_6.12.1.202409122256\\db\/plugins/mcufinder/images/
2024-10-16 20:45:34,448 [WARN] DbFile:41 - Overriding database path with different value: C:\Users\Fabian\.stmcufinder\plugins\mcufinder/ => C:\Users\Fabian\.stmcufinder\plugins\mcufinder
2024-10-16 20:45:34,448 [INFO] ApiDb:250 - Set database path to: C:\Users\Fabian\.stmcufinder\plugins\mcufinder//mcu/
2024-10-16 20:45:34,448 [WARN] DbFile:41 - Overriding database path with different value: C:\Users\Fabian\.stmcufinder\plugins\mcufinder/ => C:\Users\Fabian\.stmcufinder\plugins\mcufinder
2024-10-16 20:45:34,448 [INFO] DbMcusAds:125 - Set database path to: C:\Users\Fabian\.stmcufinder\plugins\mcufinder//mcu/
2024-10-16 20:45:34,448 [WARN] DbFile:41 - Overriding database path with different value: C:\Users\Fabian\.stmcufinder\plugins\mcufinder/ => C:\Users\Fabian\.stmcufinder\plugins\mcufinder
2024-10-16 20:45:34,449 [WARN] DbFile:41 - Overriding database path with different value: C:\Users\Fabian\.stmcufinder\plugins\mcufinder/ => C:\Users\Fabian\.stmcufinder\plugins\mcufinder
2024-10-16 20:45:34,449 [INFO] CrossReferenceDbSqlite:203 - Set database path to: C:\Users\Fabian\.stmcufinder\plugins\mcufinder//mcu/cs/
2024-10-16 20:45:34,468 [INFO] ApplicationProperties:184 - Using Application install path: C:\ST\STM32CubeIDE_1.16.1\STM32CubeIDE\plugins\com.st.stm32cube.common.mx_6.12.1.202409122256
2024-10-16 20:45:34,470 [INFO] PluginManage:196 - Search for loadable plugins [exclusion list=, ]
2024-10-16 20:45:34,473 [INFO] PluginManage:310 - Check plugin analytics
2024-10-16 20:45:34,672 [INFO] AnalyticsPlugin:253 - Accepted Software Licenses: 
2024-10-16 20:45:34,672 [INFO] AnalyticsPlugin:255 - Accepted CMSIS Pack Licenses: 
2024-10-16 20:45:34,672 [INFO] AnalyticsPlugin:257 - Accepted Firmware Licenses: FW.F4.1.28.0
2024-10-16 20:45:34,675 [INFO] PluginManage:359 - Loaded plugin analytics (category:tool,tabindex:-1)
2024-10-16 20:45:34,675 [INFO] PluginManage:310 - Check plugin cadmodel
2024-10-16 20:45:34,691 [INFO] CADModel:105 - Init CAD model plugin
2024-10-16 20:45:34,691 [INFO] PluginManage:359 - Loaded plugin cadmodel (category:power,tabindex:5)
2024-10-16 20:45:34,691 [INFO] PluginManage:310 - Check plugin clock
2024-10-16 20:45:34,711 [INFO] PluginManage:359 - Loaded plugin clock (category:base,tabindex:2)
2024-10-16 20:45:34,711 [INFO] PluginManage:310 - Check plugin ddr
2024-10-16 20:45:34,714 [INFO] PluginManage:359 - Loaded plugin ddr (category:tool,tabindex:6)
2024-10-16 20:45:34,714 [INFO] PluginManage:310 - Check plugin filemanager
2024-10-16 20:45:34,881 [INFO] PluginManage:359 - Loaded plugin filemanager (category:base,tabindex:10)
2024-10-16 20:45:34,881 [INFO] PluginManage:310 - Check plugin ipmanager
2024-10-16 20:45:34,889 [INFO] PluginManage:359 - Loaded plugin ipmanager (category:base,tabindex:5)
2024-10-16 20:45:34,890 [INFO] PluginManage:310 - Check plugin lpbam
2024-10-16 20:45:34,909 [INFO] PluginManage:359 - Loaded plugin lpbam (category:base,tabindex:0)
2024-10-16 20:45:34,909 [INFO] PluginManage:310 - Check plugin memorymap
2024-10-16 20:45:34,934 [INFO] PluginManage:359 - Loaded plugin memorymap (category:base,tabindex:4)
2024-10-16 20:45:34,934 [INFO] PluginManage:310 - Check plugin pinoutandconfiguration
2024-10-16 20:45:34,954 [INFO] PluginManage:359 - Loaded plugin pinoutandconfiguration (category:base,tabindex:1)
2024-10-16 20:45:34,955 [INFO] PluginManage:310 - Check plugin pinoutconfig
2024-10-16 20:45:35,052 [WARN] SupportedApi:132 - Cannot load RTOS API schema: s4s-elt-must-match.1: The content of 'definitions' must match (annotation?, (simpleType | complexType)?, (unique | key | keyref)*)). A problem was found starting at: attribute.
2024-10-16 20:45:35,190 [INFO] PluginManage:359 - Loaded plugin pinoutconfig (category:base,tabindex:0)
2024-10-16 20:45:35,190 [INFO] PluginManage:310 - Check plugin power
2024-10-16 20:45:35,211 [INFO] PluginManage:359 - Loaded plugin power (category:power,tabindex:4)
2024-10-16 20:45:35,211 [INFO] PluginManage:310 - Check plugin projectmanager
2024-10-16 20:45:35,225 [INFO] PluginManage:359 - Loaded plugin projectmanager (category:projectmanager,tabindex:4)
2024-10-16 20:45:35,225 [INFO] PluginManage:310 - Check plugin rif
2024-10-16 20:45:35,241 [INFO] PluginManage:359 - Loaded plugin rif (category:base,tabindex:3)
2024-10-16 20:45:35,241 [INFO] PluginManage:310 - Check plugin thirdparty
2024-10-16 20:45:35,519 [INFO] PluginManage:359 - Loaded plugin thirdparty (category:base,tabindex:-1)
2024-10-16 20:45:35,520 [INFO] PluginManage:310 - Check plugin tools
2024-10-16 20:45:35,519 [WARN] IntegrityCheckThread:84 - waiting for thirdparty lock release [integrity check]
2024-10-16 20:45:35,520 [INFO] IntegrityCheckThread:86 - entering critical section [integrity check]
2024-10-16 20:45:35,520 [INFO] ThirdPartyUpdaterWithRetryManager:70 - Updater plugin not ready yet. [1/15]
2024-10-16 20:45:35,557 [INFO] PluginManage:359 - Loaded plugin tools (category:base,tabindex:7)
2024-10-16 20:45:35,558 [INFO] PluginManage:310 - Check plugin tutovideos
2024-10-16 20:45:35,810 [INFO] PluginManage:359 - Loaded plugin tutovideos (category:base,tabindex:-1)
2024-10-16 20:45:35,810 [INFO] PluginManage:310 - Check plugin updater
2024-10-16 20:45:35,831 [INFO] PluginManage:359 - Loaded plugin updater (category:base,tabindex:12)
2024-10-16 20:45:35,832 [INFO] PluginManage:310 - Check plugin userauth
2024-10-16 20:45:35,839 [INFO] UserAuth:113 - Init User Auth plugin
2024-10-16 20:45:35,839 [INFO] PluginManage:359 - Loaded plugin userauth (category:base,tabindex:14)
2024-10-16 20:45:35,840 [INFO] PluginManage:283 - PluginManage : Loaded plugins [18]
2024-10-16 20:45:36,085 [INFO] PinOutPanel:1561 - setPackage(No Configuration,No Configuration)
2024-10-16 20:45:36,190 [INFO] CADModel:165 - CPN selected for project level
2024-10-16 20:45:36,191 [INFO] CADModel:114 - Register for checkConnection events
2024-10-16 20:45:36,218 [INFO] IPUIPlugin:80 - create IPUIPlugin
2024-10-16 20:45:36,219 [INFO] PluginManager:220 - loadIPPluginJar : add adc
2024-10-16 20:45:36,256 [INFO] IPUIPlugin:80 - create IPUIPlugin
2024-10-16 20:45:36,257 [INFO] PluginManager:220 - loadIPPluginJar : add aes
2024-10-16 20:45:36,304 [INFO] IPUIPlugin:80 - create IPUIPlugin
2024-10-16 20:45:36,304 [INFO] PluginManager:220 - loadIPPluginJar : add can
2024-10-16 20:45:36,329 [INFO] IPUIPlugin:80 - create IPUIPlugin
2024-10-16 20:45:36,329 [INFO] PluginManager:220 - loadIPPluginJar : add comp
2024-10-16 20:45:36,363 [INFO] IPUIPlugin:80 - create IPUIPlugin
2024-10-16 20:45:36,363 [INFO] PluginManager:220 - loadIPPluginJar : add cryp
2024-10-16 20:45:36,374 [INFO] IPUIPlugin:80 - create IPUIPlugin
2024-10-16 20:45:36,375 [INFO] PluginManager:220 - loadIPPluginJar : add ddr_ctrl_phy
2024-10-16 20:45:36,404 [INFO] IPUIPlugin:80 - create IPUIPlugin
2024-10-16 20:45:36,405 [INFO] PluginManager:220 - loadIPPluginJar : add dfsdm
2024-10-16 20:45:36,418 [INFO] IPUIPlugin:80 - create IPUIPlugin
2024-10-16 20:45:36,419 [INFO] PluginManager:220 - loadIPPluginJar : add dma
2024-10-16 20:45:36,462 [INFO] IPUIPlugin:80 - create IPUIPlugin
2024-10-16 20:45:36,462 [INFO] PluginManager:220 - loadIPPluginJar : add dma3
2024-10-16 20:45:36,510 [INFO] IPUIPlugin:80 - create IPUIPlugin
2024-10-16 20:45:36,510 [INFO] PluginManager:220 - loadIPPluginJar : add extmemmanager
2024-10-16 20:45:36,533 [INFO] IPUIPlugin:80 - create IPUIPlugin
2024-10-16 20:45:36,533 [INFO] PluginManager:220 - loadIPPluginJar : add fatfs
2024-10-16 20:45:36,583 [INFO] IPUIPlugin:80 - create IPUIPlugin
2024-10-16 20:45:36,583 [INFO] PluginManager:220 - loadIPPluginJar : add fmc
2024-10-16 20:45:36,599 [INFO] IPUIPlugin:80 - create IPUIPlugin
2024-10-16 20:45:36,599 [INFO] PluginManager:220 - loadIPPluginJar : add freertos
2024-10-16 20:45:36,619 [INFO] IPUIPlugin:80 - create IPUIPlugin
2024-10-16 20:45:36,619 [INFO] PluginManager:220 - loadIPPluginJar : add genericplugin
2024-10-16 20:45:36,731 [INFO] IPUIPlugin:80 - create IPUIPlugin
2024-10-16 20:45:36,731 [INFO] PluginManager:220 - loadIPPluginJar : add gfxmmu
2024-10-16 20:45:36,872 [INFO] IPUIPlugin:80 - create IPUIPlugin
2024-10-16 20:45:36,872 [INFO] PluginManager:220 - loadIPPluginJar : add gic
2024-10-16 20:45:36,888 [INFO] IPUIPlugin:80 - create IPUIPlugin
2024-10-16 20:45:36,888 [INFO] PluginManager:220 - loadIPPluginJar : add gpio
2024-10-16 20:45:36,995 [INFO] IPUIPlugin:80 - create IPUIPlugin
2024-10-16 20:45:36,995 [INFO] PluginManager:220 - loadIPPluginJar : add gtzc
2024-10-16 20:45:37,030 [INFO] IPUIPlugin:80 - create IPUIPlugin
2024-10-16 20:45:37,030 [INFO] PluginManager:220 - loadIPPluginJar : add hash
2024-10-16 20:45:37,093 [INFO] IPUIPlugin:80 - create IPUIPlugin
2024-10-16 20:45:37,094 [INFO] PluginManager:220 - loadIPPluginJar : add i2c
2024-10-16 20:45:37,141 [INFO] IPUIPlugin:80 - create IPUIPlugin
2024-10-16 20:45:37,141 [INFO] PluginManager:220 - loadIPPluginJar : add i2s
2024-10-16 20:45:37,187 [INFO] IPUIPlugin:80 - create IPUIPlugin
2024-10-16 20:45:37,188 [INFO] PluginManager:220 - loadIPPluginJar : add i3c
2024-10-16 20:45:37,309 [INFO] IPUIPlugin:80 - create IPUIPlugin
2024-10-16 20:45:37,309 [INFO] PluginManager:220 - loadIPPluginJar : add ipddr
2024-10-16 20:45:37,428 [INFO] IPUIPlugin:80 - create IPUIPlugin
2024-10-16 20:45:37,428 [INFO] PluginManager:220 - loadIPPluginJar : add linkedlist
2024-10-16 20:45:37,471 [INFO] IPUIPlugin:80 - create IPUIPlugin
2024-10-16 20:45:37,471 [INFO] PluginManager:220 - loadIPPluginJar : add lorawan
2024-10-16 20:45:37,522 [INFO] IPUIPlugin:80 - create IPUIPlugin
2024-10-16 20:45:37,522 [INFO] PluginManager:220 - loadIPPluginJar : add ltdc
2024-10-16 20:45:37,537 [INFO] IPUIPlugin:80 - create IPUIPlugin
2024-10-16 20:45:37,538 [INFO] PluginManager:220 - loadIPPluginJar : add mdma
2024-10-16 20:45:37,552 [INFO] IPUIPlugin:80 - create IPUIPlugin
2024-10-16 20:45:37,552 [INFO] PluginManager:220 - loadIPPluginJar : add nvic
2024-10-16 20:45:37,586 [INFO] IPUIPlugin:80 - create IPUIPlugin
2024-10-16 20:45:37,586 [INFO] PluginManager:220 - loadIPPluginJar : add opamp
2024-10-16 20:45:37,654 [INFO] IPUIPlugin:80 - create IPUIPlugin
2024-10-16 20:45:37,654 [INFO] PluginManager:220 - loadIPPluginJar : add openamp
2024-10-16 20:45:37,704 [INFO] IPUIPlugin:80 - create IPUIPlugin
2024-10-16 20:45:37,704 [INFO] PluginManager:220 - loadIPPluginJar : add pdm2pcm
2024-10-16 20:45:37,721 [INFO] IPUIPlugin:80 - create IPUIPlugin
2024-10-16 20:45:37,723 [INFO] PluginManager:220 - loadIPPluginJar : add plateformsettings
2024-10-16 20:45:37,752 [INFO] IPUIPlugin:80 - create IPUIPlugin
2024-10-16 20:45:37,753 [INFO] PluginManager:220 - loadIPPluginJar : add quadspi
2024-10-16 20:45:37,785 [INFO] IPUIPlugin:80 - create IPUIPlugin
2024-10-16 20:45:37,786 [INFO] PluginManager:220 - loadIPPluginJar : add radio
2024-10-16 20:45:37,800 [INFO] IPUIPlugin:80 - create IPUIPlugin
2024-10-16 20:45:37,800 [INFO] PluginManager:220 - loadIPPluginJar : add resmgrutility
2024-10-16 20:45:37,866 [INFO] IPUIPlugin:80 - create IPUIPlugin
2024-10-16 20:45:37,866 [INFO] PluginManager:220 - loadIPPluginJar : add sai
2024-10-16 20:45:37,912 [INFO] IPUIPlugin:80 - create IPUIPlugin
2024-10-16 20:45:37,912 [INFO] PluginManager:220 - loadIPPluginJar : add spi
2024-10-16 20:45:38,005 [INFO] IPUIPlugin:80 - create IPUIPlugin
2024-10-16 20:45:38,006 [INFO] PluginManager:220 - loadIPPluginJar : add stm32_wpan
2024-10-16 20:45:38,040 [INFO] IPUIPlugin:80 - create IPUIPlugin
2024-10-16 20:45:38,040 [INFO] PluginManager:220 - loadIPPluginJar : add tim
2024-10-16 20:45:38,125 [INFO] IPUIPlugin:80 - create IPUIPlugin
2024-10-16 20:45:38,126 [INFO] PluginManager:220 - loadIPPluginJar : add touchsensing
2024-10-16 20:45:38,155 [INFO] IPUIPlugin:80 - create IPUIPlugin
2024-10-16 20:45:38,155 [INFO] PluginManager:220 - loadIPPluginJar : add tracer_emb
2024-10-16 20:45:38,188 [INFO] IPUIPlugin:80 - create IPUIPlugin
2024-10-16 20:45:38,188 [INFO] PluginManager:220 - loadIPPluginJar : add ts
2024-10-16 20:45:38,217 [INFO] IPUIPlugin:80 - create IPUIPlugin
2024-10-16 20:45:38,217 [INFO] PluginManager:220 - loadIPPluginJar : add tsc
2024-10-16 20:45:38,245 [INFO] IPUIPlugin:80 - create IPUIPlugin
2024-10-16 20:45:38,245 [INFO] PluginManager:220 - loadIPPluginJar : add ucpd
2024-10-16 20:45:38,300 [INFO] IPUIPlugin:80 - create IPUIPlugin
2024-10-16 20:45:38,300 [INFO] PluginManager:220 - loadIPPluginJar : add usart
2024-10-16 20:45:38,351 [INFO] IPUIPlugin:80 - create IPUIPlugin
2024-10-16 20:45:38,351 [INFO] PluginManager:220 - loadIPPluginJar : add usbx
2024-10-16 20:45:38,488 [INFO] CADModel:165 - CPN selected for project level
2024-10-16 20:45:38,488 [INFO] CADModel:114 - Register for checkConnection events
2024-10-16 20:45:38,489 [FATAL] Updater:334 - Updater called before beeing initialized
2024-10-16 20:45:38,489 [ERROR] CADModel:125 - Updater not yet initialized, retry later 
2024-10-16 20:45:38,522 [INFO] ThirdPartyUpdaterWithRetryManager:70 - Updater plugin not ready yet. [2/15]
2024-10-16 20:45:38,691 [INFO] CADModel:165 - CPN selected for project level
2024-10-16 20:45:38,691 [INFO] CADModel:114 - Register for checkConnection events
2024-10-16 20:45:38,691 [FATAL] Updater:334 - Updater called before beeing initialized
2024-10-16 20:45:38,691 [ERROR] CADModel:125 - Updater not yet initialized, retry later 
2024-10-16 20:45:38,695 [FATAL] Updater:334 - Updater called before beeing initialized
2024-10-16 20:45:38,809 [FATAL] Updater:334 - Updater called before beeing initialized
2024-10-16 20:45:38,819 [INFO] DbMcusAds:53 - JSON generation date=Fri Sep 20 15:04:23 CEST 2024 (1726837463113)
2024-10-16 20:45:38,819 [FATAL] Updater:334 - Updater called before beeing initialized
2024-10-16 20:45:38,863 [WARN] DetailPanel:346 - Failed to get advertising image, set to default
2024-10-16 20:45:38,958 [FATAL] Updater:334 - Updater called before beeing initialized
2024-10-16 20:45:38,960 [FATAL] Updater:334 - Updater called before beeing initialized
2024-10-16 20:45:38,960 [FATAL] Updater:334 - Updater called before beeing initialized
2024-10-16 20:45:38,960 [WARN] DetailPanel:346 - Failed to get advertising image, set to default
2024-10-16 20:45:38,961 [FATAL] Updater:334 - Updater called before beeing initialized
2024-10-16 20:45:39,029 [ERROR] Updater:1164 - MainUpdater not yet initialized. External WinMGr cannot be set.
2024-10-16 20:45:39,039 [INFO] Updater:1100 - Updater Version found : 6.12.1
2024-10-16 20:45:39,061 [INFO] ApplicationProperties:184 - Using Application install path: C:\ST\STM32CubeIDE_1.16.1\STM32CubeIDE\plugins\com.st.stm32cube.common.mx_6.12.1.202409122256
2024-10-16 20:45:40,634 [ERROR] LogOutputStream:75 - [STDERR_REDIRECT] Oct 16, 2024 8:45:40 PM java.util.prefs.WindowsPreferences <init>
2024-10-16 20:45:40,635 [ERROR] LogOutputStream:75 - [STDERR_REDIRECT] WARNING: Could not open/create prefs root node Software\JavaSoft\Prefs at root 0xffffffff80000002. Windows RegCreateKeyEx(...) returned error code 5.
2024-10-16 20:45:40,635 [ERROR] LogOutputStream:75 - [STDERR_REDIRECT] 
2024-10-16 20:45:41,021 [INFO] MainUpdater:2873 - connection check result : 10
2024-10-16 20:45:41,021 [INFO] MainUpdater:290 - Updater Check For Update Now.
2024-10-16 20:45:41,022 [INFO] MicroXplorer:498 - Change Database Version : DB.6.0.121
2024-10-16 20:45:41,044 [INFO] McuFinderGlobals:63 - Set McuFinder mode to 2 (CubeIDE integrated)
2024-10-16 20:45:41,052 [INFO] UserAuth:417 - Internet connection configuration mode: 1
2024-10-16 20:45:41,096 [INFO] JxBrowserEngine:152 - Initiate JxBrowser Engine with user profile folder
2024-10-16 20:45:41,278 [INFO] CheckServerUpdateThread:120 - End of CheckServer Thread
2024-10-16 20:45:41,754 [WARN] PackLoader:240 - Cannot read IP mode file for STMicroelectronics.FP-SNS-MOTENVWB1.1.4.0
2024-10-16 20:45:41,774 [WARN] PackLoader:240 - Cannot read IP mode file for STMicroelectronics.X-CUBE-SMBUS.2.1.0
2024-10-16 20:45:41,790 [WARN] PackLoader:240 - Cannot read IP mode file for STMicroelectronics.X-CUBE-WB05N.1.1.0
2024-10-16 20:45:41,835 [WARN] PackLoader:240 - Cannot read IP mode file for STMicroelectronics.X-CUBE-AZRTOS-F7.1.1.0
2024-10-16 20:45:41,925 [WARN] PackLoader:240 - Cannot read IP mode file for STMicroelectronics.X-CUBE-MEMS1.11.0.0
2024-10-16 20:45:42,099 [WARN] PackLoader:240 - Cannot read IP mode file for STMicroelectronics.FP-SNS-FLIGHT1.5.0.2
2024-10-16 20:45:42,121 [WARN] PackLoader:240 - Cannot read IP mode file for STMicroelectronics.X-CUBE-DISPLAY.3.0.0
2024-10-16 20:45:42,145 [WARN] PackLoader:240 - Cannot read IP mode file for STMicroelectronics.X-CUBE-BLE1.7.0.0
2024-10-16 20:45:42,166 [WARN] PackLoader:240 - Cannot read IP mode file for STMicroelectronics.X-CUBE-NFC10.1.0.0
2024-10-16 20:45:42,186 [WARN] PackLoader:240 - Cannot read IP mode file for emotas.I-CUBE-CANOPEN.1.3.0
2024-10-16 20:45:42,212 [WARN] PackLoader:240 - Cannot read IP mode file for STMicroelectronics.X-CUBE-BLEMGR.3.1.0
2024-10-16 20:45:42,236 [WARN] PackLoader:240 - Cannot read IP mode file for STMicroelectronics.FP-SNS-SMARTAG2.1.2.0
2024-10-16 20:45:42,266 [INFO] LogOutputStream:77 - [STDOUT_REDIRECT] 1 : Invalid condition id : UX_CORESTACK_Condition cause : null
2024-10-16 20:45:42,267 [INFO] LogOutputStream:77 - [STDOUT_REDIRECT] 1 : Invalid condition id : UX_CORESTACK_Condition cause : null
2024-10-16 20:45:42,268 [INFO] LogOutputStream:77 - [STDOUT_REDIRECT] 1 : Invalid condition id : UX_CORESTACK_Condition cause : null
2024-10-16 20:45:42,269 [INFO] LogOutputStream:77 - [STDOUT_REDIRECT] 1 : Invalid condition id : UX_CORESTACK_Condition cause : null
2024-10-16 20:45:42,271 [INFO] LogOutputStream:77 - [STDOUT_REDIRECT] 1 : Invalid condition id : UX_CORESTACK_Condition cause : null
2024-10-16 20:45:42,274 [WARN] PackLoader:240 - Cannot read IP mode file for STMicroelectronics.X-CUBE-AZRTOS-WL.2.0.0
2024-10-16 20:45:42,289 [WARN] PackLoader:240 - Cannot read IP mode file for STMicroelectronics.FP-SNS-MOTENV1.5.0.0
2024-10-16 20:45:42,305 [WARN] PackLoader:240 - Cannot read IP mode file for wolfSSL.I-CUBE-wolfMQTT.1.19.0
2024-10-16 20:45:42,324 [WARN] PackLoader:240 - Cannot read IP mode file for WES.I-CUBE-Cesium.1.3.0
2024-10-16 20:45:42,345 [WARN] PackLoader:240 - Cannot read IP mode file for STMicroelectronics.X-CUBE-BLE2.3.3.0
2024-10-16 20:45:42,372 [WARN] PackLoader:240 - Cannot read IP mode file for STMicroelectronics.X-CUBE-NFC9.1.0.0
2024-10-16 20:45:42,411 [WARN] PackLoader:240 - Cannot read IP mode file for STMicroelectronics.X-CUBE-TCPP.4.1.0
2024-10-16 20:45:42,490 [WARN] PackLoader:240 - Cannot read IP mode file for STMicroelectronics.X-CUBE-AZRTOS-G0.1.1.0
2024-10-16 20:45:42,521 [WARN] PackLoader:240 - Cannot read IP mode file for STMicroelectronics.X-CUBE-SAFEA1.1.2.2
2024-10-16 20:45:42,546 [WARN] PackLoader:240 - Cannot read IP mode file for STMicroelectronics.X-CUBE-NFC4.3.0.0
2024-10-16 20:45:42,573 [WARN] PackLoader:240 - Cannot read IP mode file for EmbeddedOffice.I-CUBE-FS-RTOS.1.0.1
2024-10-16 20:45:42,573 [ERROR] ConditionMgr:805 - Attr not supported : Dmpu
2024-10-16 20:45:42,573 [ERROR] ConditionMgr:805 - Attr not supported : Dmpu
2024-10-16 20:45:42,573 [ERROR] ConditionMgr:805 - Attr not supported : Dmpu
2024-10-16 20:45:42,573 [ERROR] ConditionMgr:805 - Attr not supported : Dmpu
2024-10-16 20:45:42,574 [ERROR] ConditionMgr:805 - Attr not supported : Dmpu
2024-10-16 20:45:42,574 [ERROR] ConditionMgr:805 - Attr not supported : Dmpu
2024-10-16 20:45:42,574 [ERROR] ConditionMgr:805 - Attr not supported : Dmpu
2024-10-16 20:45:42,574 [ERROR] ConditionMgr:805 - Attr not supported : Dmpu
2024-10-16 20:45:42,574 [ERROR] ConditionMgr:805 - Attr not supported : Dmpu
2024-10-16 20:45:42,574 [ERROR] ConditionMgr:805 - Attr not supported : Dmpu
2024-10-16 20:45:42,574 [ERROR] ConditionMgr:805 - Attr not supported : Dmpu
2024-10-16 20:45:42,574 [ERROR] ConditionMgr:805 - Attr not supported : Dmpu
2024-10-16 20:45:42,574 [ERROR] ConditionMgr:805 - Attr not supported : Dmpu
2024-10-16 20:45:42,574 [ERROR] ConditionMgr:805 - Attr not supported : Dmpu
2024-10-16 20:45:42,574 [ERROR] ConditionMgr:805 - Attr not supported : Dmpu
2024-10-16 20:45:42,574 [ERROR] ConditionMgr:805 - Attr not supported : Dmpu
2024-10-16 20:45:42,574 [ERROR] ConditionMgr:805 - Attr not supported : Dmpu
2024-10-16 20:45:42,574 [ERROR] ConditionMgr:805 - Attr not supported : Dmpu
2024-10-16 20:45:42,575 [ERROR] ConditionMgr:805 - Attr not supported : Dmpu
2024-10-16 20:45:42,575 [ERROR] ConditionMgr:805 - Attr not supported : Dmpu
2024-10-16 20:45:42,575 [ERROR] ConditionMgr:805 - Attr not supported : Dmpu
2024-10-16 20:45:42,575 [ERROR] ConditionMgr:805 - Attr not supported : Dmpu
2024-10-16 20:45:42,575 [ERROR] ConditionMgr:805 - Attr not supported : Dmpu
2024-10-16 20:45:42,576 [ERROR] ConditionMgr:805 - Attr not supported : Dmpu
2024-10-16 20:45:42,576 [ERROR] ConditionMgr:805 - Attr not supported : Dmpu
2024-10-16 20:45:42,576 [ERROR] ConditionMgr:805 - Attr not supported : Dmpu
2024-10-16 20:45:42,576 [ERROR] ConditionMgr:805 - Attr not supported : Dmpu
2024-10-16 20:45:42,576 [ERROR] ConditionMgr:805 - Attr not supported : Dmpu
2024-10-16 20:45:42,576 [ERROR] ConditionMgr:805 - Attr not supported : Dmpu
2024-10-16 20:45:42,576 [ERROR] ConditionMgr:805 - Attr not supported : Dmpu
2024-10-16 20:45:42,576 [ERROR] ConditionMgr:805 - Attr not supported : Dmpu
2024-10-16 20:45:42,576 [ERROR] ConditionMgr:805 - Attr not supported : Dmpu
2024-10-16 20:45:42,577 [ERROR] ConditionMgr:805 - Attr not supported : Dmpu
2024-10-16 20:45:42,577 [ERROR] ConditionMgr:805 - Attr not supported : Dmpu
2024-10-16 20:45:42,577 [ERROR] ConditionMgr:805 - Attr not supported : Dmpu
2024-10-16 20:45:42,577 [ERROR] ConditionMgr:805 - Attr not supported : Dmpu
2024-10-16 20:45:42,577 [ERROR] ConditionMgr:805 - Attr not supported : Dmpu
2024-10-16 20:45:42,577 [ERROR] ConditionMgr:805 - Attr not supported : Dmpu
2024-10-16 20:45:42,577 [ERROR] ConditionMgr:805 - Attr not supported : Dmpu
2024-10-16 20:45:42,577 [ERROR] ConditionMgr:805 - Attr not supported : Dmpu
2024-10-16 20:45:42,577 [ERROR] ConditionMgr:805 - Attr not supported : Dmpu
2024-10-16 20:45:42,578 [ERROR] ConditionMgr:805 - Attr not supported : Dmpu
2024-10-16 20:45:42,578 [ERROR] ConditionMgr:805 - Attr not supported : Dmpu
2024-10-16 20:45:42,578 [ERROR] ConditionMgr:805 - Attr not supported : Dmpu
2024-10-16 20:45:42,578 [ERROR] ConditionMgr:805 - Attr not supported : Dmpu
2024-10-16 20:45:42,578 [ERROR] ConditionMgr:805 - Attr not supported : Dmpu
2024-10-16 20:45:42,578 [ERROR] ConditionMgr:805 - Attr not supported : Dmpu
2024-10-16 20:45:42,578 [ERROR] ConditionMgr:805 - Attr not supported : Dmpu
2024-10-16 20:45:42,578 [ERROR] ConditionMgr:805 - Attr not supported : Dmpu
2024-10-16 20:45:42,578 [ERROR] ConditionMgr:805 - Attr not supported : Dmpu
2024-10-16 20:45:42,578 [ERROR] ConditionMgr:805 - Attr not supported : Dmpu
2024-10-16 20:45:42,578 [ERROR] ConditionMgr:805 - Attr not supported : Dmpu
2024-10-16 20:45:42,579 [ERROR] ConditionMgr:805 - Attr not supported : Dmpu
2024-10-16 20:45:42,579 [ERROR] ConditionMgr:805 - Attr not supported : Dmpu
2024-10-16 20:45:42,579 [ERROR] ConditionMgr:805 - Attr not supported : Dmpu
2024-10-16 20:45:42,579 [ERROR] ConditionMgr:805 - Attr not supported : Dmpu
2024-10-16 20:45:42,579 [ERROR] ConditionMgr:805 - Attr not supported : Dmpu
2024-10-16 20:45:42,579 [ERROR] ConditionMgr:805 - Attr not supported : Dmpu
2024-10-16 20:45:42,579 [ERROR] ConditionMgr:805 - Attr not supported : Dmpu
2024-10-16 20:45:42,579 [ERROR] ConditionMgr:805 - Attr not supported : Dmpu
2024-10-16 20:45:42,579 [ERROR] ConditionMgr:805 - Attr not supported : Dmpu
2024-10-16 20:45:42,579 [ERROR] ConditionMgr:805 - Attr not supported : Dmpu
2024-10-16 20:45:42,580 [ERROR] ConditionMgr:805 - Attr not supported : Dmpu
2024-10-16 20:45:42,580 [ERROR] ConditionMgr:805 - Attr not supported : Dmpu
2024-10-16 20:45:42,599 [WARN] PackLoader:240 - Cannot read IP mode file for RealThread.X-CUBE-RT-Thread_Nano.4.1.1
2024-10-16 20:45:42,619 [WARN] PackLoader:240 - Cannot read IP mode file for STMicroelectronics.FP-ATR-SIGFOX1.3.2.0
2024-10-16 20:45:42,635 [WARN] PackLoader:240 - Cannot read IP mode file for wolfSSL.I-CUBE-wolfSSL.5.7.2
2024-10-16 20:45:42,651 [WARN] PackLoader:240 - Cannot read IP mode file for STMicroelectronics.X-CUBE-EEPRMA1.5.1.0
2024-10-16 20:45:42,671 [WARN] PackLoader:240 - Cannot read IP mode file for ITTIA_DB.I-CUBE-ITTIADB.8.9.0
2024-10-16 20:45:42,705 [WARN] PackLoader:240 - Cannot read IP mode file for SEGGER.I-CUBE-embOS.1.3.1
2024-10-16 20:45:42,753 [WARN] PackLoader:240 - Cannot read IP mode file for STMicroelectronics.X-CUBE-ALGOBUILD.1.4.0
2024-10-16 20:45:42,771 [WARN] PackLoader:240 - Cannot read IP mode file for STMicroelectronics.X-CUBE-AI.9.1.0
2024-10-16 20:45:42,805 [WARN] PackLoader:240 - Cannot read IP mode file for STMicroelectronics.X-CUBE-AZRTOS-F4.1.1.0
2024-10-16 20:45:42,831 [WARN] PackLoader:240 - Cannot read IP mode file for STMicroelectronics.X-CUBE-ISPU.2.1.0
2024-10-16 20:45:42,847 [WARN] PackLoader:240 - Cannot read IP mode file for STMicroelectronics.X-CUBE-FREERTOS.1.2.0
2024-10-16 20:45:42,906 [WARN] PackLoader:240 - Cannot read IP mode file for STMicroelectronics.X-CUBE-AZRTOS-L5.2.0.0
2024-10-16 20:45:42,929 [WARN] PackLoader:240 - Cannot read IP mode file for STMicroelectronics.X-CUBE-NFC6.3.1.0
2024-10-16 20:45:42,947 [WARN] PackLoader:240 - Cannot read IP mode file for STMicroelectronics.X-CUBE-DPower.1.2.0
2024-10-16 20:45:42,963 [WARN] PackLoader:240 - Cannot read IP mode file for STMicroelectronics.X-CUBE-NFC7.1.0.1
2024-10-16 20:45:42,999 [WARN] ConditionMgr:438 - getConditionDescription Invalid condition id : LAN8742 Phy interface Condition cause : null
2024-10-16 20:45:43,000 [WARN] PackLoader:240 - Cannot read IP mode file for STMicroelectronics.X-CUBE-AZRTOS-L4.2.0.0
2024-10-16 20:45:43,001 [WARN] ConditionMgr:1039 - genDependencies : Invalid condition id : LAN8742 Phy interface Condition cause : null
2024-10-16 20:45:43,001 [WARN] ConditionMgr:1039 - genDependencies : Invalid condition id : LAN8742 Phy interface Condition cause : null
2024-10-16 20:45:43,002 [WARN] ConditionMgr:1039 - genDependencies : Invalid condition id : LAN8742 Phy interface Condition cause : null
2024-10-16 20:45:43,021 [WARN] PackLoader:240 - Cannot read IP mode file for STMicroelectronics.X-CUBE-SFXS2LP1.4.0.0
2024-10-16 20:45:43,052 [WARN] PackLoader:240 - Cannot read IP mode file for STMicroelectronics.X-CUBE-AZRTOS-H7.3.3.0
2024-10-16 20:45:43,074 [WARN] PackLoader:240 - Cannot read IP mode file for STMicroelectronics.X-CUBE-IPS.3.0.0
2024-10-16 20:45:43,101 [WARN] ConditionMgr:438 - getConditionDescription Invalid condition id : UX DEVICE CLASS RTOS Condition cause : null
2024-10-16 20:45:43,101 [WARN] ConditionMgr:438 - getConditionDescription Invalid condition id : UX DEVICE CLASS RTOS Condition cause : null
2024-10-16 20:45:43,102 [WARN] PackLoader:240 - Cannot read IP mode file for STMicroelectronics.X-CUBE-AZRTOS-WB.2.0.0
2024-10-16 20:45:43,103 [WARN] ConditionMgr:1039 - genDependencies : Invalid condition id : UX DEVICE CLASS RTOS Condition cause : null
2024-10-16 20:45:43,103 [WARN] ConditionMgr:1039 - genDependencies : Invalid condition id : UX DEVICE CLASS RTOS Condition cause : null
2024-10-16 20:45:43,103 [WARN] ConditionMgr:1039 - genDependencies : Invalid condition id : UX DEVICE CLASS RTOS Condition cause : null
2024-10-16 20:45:43,103 [WARN] ConditionMgr:1039 - genDependencies : Invalid condition id : UX DEVICE CLASS RTOS Condition cause : null
2024-10-16 20:45:43,103 [WARN] ConditionMgr:1039 - genDependencies : Invalid condition id : UX DEVICE CLASS RTOS Condition cause : null
2024-10-16 20:45:43,120 [WARN] PackLoader:240 - Cannot read IP mode file for STMicroelectronics.X-CUBE-GNSS1.7.0.0
2024-10-16 20:45:43,137 [WARN] PackLoader:240 - Cannot read IP mode file for STMicroelectronics.FP-SNS-STBOX1.2.0.0
2024-10-16 20:45:43,160 [WARN] PackLoader:240 - Cannot read IP mode file for STMicroelectronics.X-CUBE-SUBG2.5.0.0
2024-10-16 20:45:43,181 [WARN] PackLoader:240 - Cannot read IP mode file for Cesanta.I-CUBE-Mongoose.7.13.0
2024-10-16 20:45:43,204 [WARN] PackLoader:240 - Cannot read IP mode file for STMicroelectronics.X-CUBE-AZRTOS-G4.2.0.0
2024-10-16 20:45:43,223 [WARN] PackLoader:240 - Cannot read IP mode file for STMicroelectronics.X-CUBE-ALS.1.0.2
2024-10-16 20:45:43,241 [WARN] PackLoader:240 - Cannot read IP mode file for STMicroelectronics.X-CUBE-TOUCHGFX.4.24.1
2024-10-16 20:45:43,255 [WARN] PackLoader:240 - Cannot read IP mode file for wolfSSL.I-CUBE-wolfTPM.3.4.0
2024-10-16 20:45:43,272 [WARN] PackLoader:240 - Cannot read IP mode file for portGmbH.I-Cube-SoM-uGOAL.1.1.0
2024-10-16 20:45:43,300 [WARN] PackLoader:240 - Cannot read IP mode file for STMicroelectronics.X-CUBE-AZRTOS-H7RS.1.0.0
2024-10-16 20:45:43,315 [WARN] PackLoader:240 - Cannot read IP mode file for STMicroelectronics.FP-ATR-ASTRA1.2.0.0
2024-10-16 20:45:43,337 [WARN] PackLoader:240 - Cannot read IP mode file for STMicroelectronics.X-CUBE-TOF1.3.4.2
2024-10-16 20:45:43,375 [WARN] PackLoader:240 - Cannot read IP mode file for Infineon.AIROC-Wi-Fi-Bluetooth-STM32.1.6.1
2024-10-16 20:45:43,394 [WARN] PackLoader:240 - Cannot read IP mode file for wolfSSL.I-CUBE-wolfSSH.1.4.17
2024-10-16 20:45:43,394 [INFO] ThirdParty:978 - Integrity check success = true
2024-10-16 20:45:43,394 [INFO] IntegrityCheckThread:100 - exiting critical section [integrity check]
2024-10-16 20:45:43,394 [INFO] IntegrityCheckThread:103 - End integrity checks thread
2024-10-16 20:45:47,575 [INFO] WebApp:167 - Instantiating new browser for Auth
2024-10-16 20:45:48,355 [INFO] WebApp:448 - Apply proxy settings
2024-10-16 20:45:48,356 [INFO] WebApp:533 - Chromium requires no authentication
2024-10-16 20:45:48,443 [INFO] WebApp:476 - Direct internet connection detected
2024-10-16 20:45:48,481 [INFO] WebApp:869 - Register for checkConnection events
2024-10-16 20:45:48,481 [INFO] WebApp:448 - Apply proxy settings
2024-10-16 20:45:48,481 [INFO] WebApp:533 - Chromium requires no authentication
2024-10-16 20:45:48,482 [INFO] WebApp:476 - Direct internet connection detected
2024-10-16 20:45:48,664 [INFO] WebApp:220 - Starting web application
2024-10-16 20:45:48,664 [INFO] WebApp:578 - Web application path used C:\ST\STM32CubeIDE_1.16.1\STM32CubeIDE\plugins\com.st.stm32cube.common.mx_6.12.1.202409122256\db\plugins\mcufinder\reactClient1\index.html
2024-10-16 20:45:48,690 [INFO] WebApp:186 - Connection restablished
2024-10-16 20:45:48,828 [INFO] UserAuth:417 - Internet connection configuration mode: 1
